{"level":"info","message":"Logger is working!","service":"PvP-Planner-Bot","timestamp":"2024-11-01 10:15:14"}
{"code":8000,"codeName":"AtlasError","connectionGeneration":0,"level":"error","message":"MongoDB connection error: bad auth : authentication failed","ok":0,"service":"PvP-Planner-Bot","stack":"MongoServerError: bad auth : authentication failed\n    at Connection.onMessage (C:\\Users\\Jacin\\PvP-Planner\\node_modules\\mongodb\\lib\\cmap\\connection.js:231:30)\n    at MessageStream.<anonymous> (C:\\Users\\Jacin\\PvP-Planner\\node_modules\\mongodb\\lib\\cmap\\connection.js:61:60)\n    at MessageStream.emit (node:events:518:28)\n    at processIncomingData (C:\\Users\\Jacin\\PvP-Planner\\node_modules\\mongodb\\lib\\cmap\\message_stream.js:125:16)\n    at MessageStream._write (C:\\Users\\Jacin\\PvP-Planner\\node_modules\\mongodb\\lib\\cmap\\message_stream.js:33:9)\n    at writeOrBuffer (node:internal/streams/writable:572:12)\n    at _write (node:internal/streams/writable:501:10)\n    at Writable.write (node:internal/streams/writable:510:10)\n    at TLSSocket.ondata (node:internal/streams/readable:1009:22)\n    at TLSSocket.emit (node:events:518:28)","timestamp":"2024-11-01 10:15:15"}
{"level":"info","message":"Logged in as PvP-Planner Bot#2720!","service":"PvP-Planner-Bot","timestamp":"2024-11-01 10:15:15"}
{"level":"info","message":"Logger is working!","service":"PvP-Planner-Bot","timestamp":"2024-11-01 10:20:47"}
{"level":"info","message":"Logged in as PvP-Planner Bot#2720!","service":"PvP-Planner-Bot","timestamp":"2024-11-01 10:20:48"}
{"code":8000,"codeName":"AtlasError","connectionGeneration":0,"level":"error","message":"MongoDB connection error: bad auth : authentication failed","ok":0,"service":"PvP-Planner-Bot","stack":"MongoServerError: bad auth : authentication failed\n    at Connection.onMessage (C:\\Users\\Jacin\\PvP-Planner\\node_modules\\mongodb\\lib\\cmap\\connection.js:231:30)\n    at MessageStream.<anonymous> (C:\\Users\\Jacin\\PvP-Planner\\node_modules\\mongodb\\lib\\cmap\\connection.js:61:60)\n    at MessageStream.emit (node:events:518:28)\n    at processIncomingData (C:\\Users\\Jacin\\PvP-Planner\\node_modules\\mongodb\\lib\\cmap\\message_stream.js:125:16)\n    at MessageStream._write (C:\\Users\\Jacin\\PvP-Planner\\node_modules\\mongodb\\lib\\cmap\\message_stream.js:33:9)\n    at writeOrBuffer (node:internal/streams/writable:572:12)\n    at _write (node:internal/streams/writable:501:10)\n    at Writable.write (node:internal/streams/writable:510:10)\n    at TLSSocket.ondata (node:internal/streams/readable:1009:22)\n    at TLSSocket.emit (node:events:518:28)","timestamp":"2024-11-01 10:20:48"}
{"level":"info","message":"Logger is working!","service":"PvP-Planner-Bot","timestamp":"2024-11-01 10:28:16"}
{"level":"info","message":"Logged in as PvP-Planner Bot#2720!","service":"PvP-Planner-Bot","timestamp":"2024-11-01 10:28:17"}
{"level":"info","message":"Connected to MongoDB","service":"PvP-Planner-Bot","timestamp":"2024-11-01 10:28:17"}
{"level":"info","message":"Logger is working!","service":"PvP-Planner-Bot","timestamp":"2024-11-01 10:31:24"}
{"level":"info","message":"Logged in as PvP-Planner Bot#2720!","service":"PvP-Planner-Bot","timestamp":"2024-11-01 10:31:25"}
{"level":"info","message":"Connected to MongoDB","service":"PvP-Planner-Bot","timestamp":"2024-11-01 10:31:25"}
{"level":"info","message":"Logger is working!","service":"PvP-Planner-Bot","timestamp":"2024-11-01 10:42:39"}
{"level":"info","message":"Logged in as PvP-Planner Bot#2720!","service":"PvP-Planner-Bot","timestamp":"2024-11-01 10:42:40"}
{"level":"info","message":"Connected to MongoDB","service":"PvP-Planner-Bot","timestamp":"2024-11-01 10:42:40"}
{"level":"info","message":"Logger is working!","service":"PvP-Planner-Bot","timestamp":"2024-11-01 12:24:22"}
{"level":"info","message":"Connected to MongoDB","service":"PvP-Planner-Bot","timestamp":"2024-11-01 12:24:22"}
{"level":"info","message":"Logged in as PvP-Planner Bot#2720!","service":"PvP-Planner-Bot","timestamp":"2024-11-01 12:24:22"}
{"level":"info","message":"Logger is working!","service":"PvP-Planner-Bot","timestamp":"2024-11-01 12:51:29"}
{"level":"info","message":"Logged in as PvP-Planner Bot#2720!","service":"PvP-Planner-Bot","timestamp":"2024-11-01 12:51:30"}
{"level":"info","message":"Connected to MongoDB","service":"PvP-Planner-Bot","timestamp":"2024-11-01 12:51:30"}
{"level":"info","message":"Logger is working!","service":"PvP-Planner-Bot","timestamp":"2024-11-01 13:05:13"}
{"level":"info","message":"Logged in as PvP-Planner Bot#2720!","service":"PvP-Planner-Bot","timestamp":"2024-11-01 13:05:13"}
{"level":"info","message":"Connected to MongoDB","service":"PvP-Planner-Bot","timestamp":"2024-11-01 13:05:13"}
{"level":"info","message":"Logger is working!","service":"PvP-Planner-Bot","timestamp":"2024-11-01 13:08:00"}
{"level":"info","message":"Connected to MongoDB","service":"PvP-Planner-Bot","timestamp":"2024-11-01 13:08:01"}
{"level":"info","message":"Logged in as PvP-Planner Bot#2720!","service":"PvP-Planner-Bot","timestamp":"2024-11-01 13:08:01"}
{"level":"info","message":"Logger is working!","service":"PvP-Planner-Bot","timestamp":"2024-11-01 14:00:37"}
{"level":"info","message":"Connected to MongoDB","service":"PvP-Planner-Bot","timestamp":"2024-11-01 14:00:37"}
{"level":"info","message":"Logged in as PvP-Planner Bot#2720!","service":"PvP-Planner-Bot","timestamp":"2024-11-01 14:00:37"}
{"level":"info","message":"Logger is working!","service":"PvP-Planner-Bot","timestamp":"2024-11-01 14:07:39"}
{"level":"info","message":"Logged in as PvP-Planner Bot#2720!","service":"PvP-Planner-Bot","timestamp":"2024-11-01 14:07:39"}
{"level":"info","message":"Connected to MongoDB","service":"PvP-Planner-Bot","timestamp":"2024-11-01 14:07:39"}
{"level":"info","message":"Logger is working!","service":"PvP-Planner-Bot","timestamp":"2024-11-01 14:14:10"}
{"level":"info","message":"Logged in as PvP-Planner Bot#2720!","service":"PvP-Planner-Bot","timestamp":"2024-11-01 14:14:11"}
{"level":"info","message":"Connected to MongoDB","service":"PvP-Planner-Bot","timestamp":"2024-11-01 14:14:11"}
{"level":"info","message":"Logger is working!","service":"PvP-Planner-Bot","timestamp":"2024-11-01 14:29:09"}
{"level":"info","message":"Logged in as PvP-Planner Bot#2720!","service":"PvP-Planner-Bot","timestamp":"2024-11-01 14:29:09"}
{"level":"info","message":"Connected to MongoDB","service":"PvP-Planner-Bot","timestamp":"2024-11-01 14:29:09"}
{"level":"info","message":"Logger is working!","service":"PvP-Planner-Bot","timestamp":"2024-11-01 14:36:30"}
{"level":"info","message":"Connected to MongoDB","service":"PvP-Planner-Bot","timestamp":"2024-11-01 14:36:30"}
{"level":"info","message":"Logged in as PvP-Planner Bot#2720!","service":"PvP-Planner-Bot","timestamp":"2024-11-01 14:36:30"}
{"level":"info","message":"Registered command: ping","service":"PvP-Planner-Bot","timestamp":"2024-11-01 14:46:32"}
{"level":"info","message":"Registered command: schedule","service":"PvP-Planner-Bot","timestamp":"2024-11-01 14:46:32"}
{"level":"info","message":"Registered command: viewcalendar","service":"PvP-Planner-Bot","timestamp":"2024-11-01 14:46:32"}
{"level":"info","message":"Loaded event: interactionCreate","service":"PvP-Planner-Bot","timestamp":"2024-11-01 14:46:32"}
{"level":"info","message":"Loaded event: undefined","service":"PvP-Planner-Bot","timestamp":"2024-11-01 14:46:32"}
{"level":"info","message":"Connected to MongoDB","service":"PvP-Planner-Bot","timestamp":"2024-11-01 14:46:33"}
{"level":"info","message":"New session scheduled by dorkwidow: rbg on 11-01-24 at 20:00","service":"PvP-Planner-Bot","timestamp":"2024-11-01 14:51:06"}
{"level":"info","message":"Registered command: cancel","service":"PvP-Planner-Bot","timestamp":"2024-11-01 16:07:08"}
{"level":"info","message":"Registered command: ping","service":"PvP-Planner-Bot","timestamp":"2024-11-01 16:07:08"}
{"level":"info","message":"Registered command: schedule","service":"PvP-Planner-Bot","timestamp":"2024-11-01 16:07:08"}
{"level":"info","message":"Registered command: viewcalendar","service":"PvP-Planner-Bot","timestamp":"2024-11-01 16:07:08"}
{"level":"info","message":"Loaded event: interactionCreate","service":"PvP-Planner-Bot","timestamp":"2024-11-01 16:07:08"}
{"level":"info","message":"Loaded event: undefined","service":"PvP-Planner-Bot","timestamp":"2024-11-01 16:07:08"}
{"level":"info","message":"Connected to MongoDB","service":"PvP-Planner-Bot","timestamp":"2024-11-01 16:07:09"}
{"code":10062,"level":"error","message":"Error executing viewcalendar command: Unknown interaction","method":"POST","rawError":{"code":10062,"message":"Unknown interaction"},"requestBody":{"json":{"data":{},"type":5}},"service":"PvP-Planner-Bot","stack":"DiscordAPIError[10062]: Unknown interaction\n    at handleErrors (C:\\Users\\Jacin\\PvP-Planner\\node_modules\\@discordjs\\rest\\dist\\index.js:727:13)\n    at process.processTicksAndRejections (node:internal/process/task_queues:105:5)\n    at async BurstHandler.runRequest (C:\\Users\\Jacin\\PvP-Planner\\node_modules\\@discordjs\\rest\\dist\\index.js:831:23)\n    at async _REST.request (C:\\Users\\Jacin\\PvP-Planner\\node_modules\\@discordjs\\rest\\dist\\index.js:1272:22)\n    at async ChatInputCommandInteraction.deferReply (C:\\Users\\Jacin\\PvP-Planner\\node_modules\\discord.js\\src\\structures\\interfaces\\InteractionResponses.js:72:5)\n    at async Object.execute (C:\\Users\\Jacin\\PvP-Planner\\commands\\viewcalendar.js:14:7)\n    at async Object.execute (C:\\Users\\Jacin\\PvP-Planner\\events\\interactionCreate.js:12:9)","status":404,"timestamp":"2024-11-01 16:15:51","url":"https://discord.com/api/v10/interactions/1302003192392843364/aW50ZXJhY3Rpb246MTMwMjAwMzE5MjM5Mjg0MzM2NDp6V3lNNTdhM0lGQ3JiVUUzSnQwcWRqbUVMeHZPU0lTMzdJRFIwcDExOWtqRWlkNWl5Ymc2SDBNRDRPSlNMUXJwakp3TldncHoxZmluaXlVeGs5T3NsT3hNMkVIczFmYmdVQWE1UWRwRDRZNEFOUmRGNHBVWEV6ZEt5UTVpRXFwRg/callback"}
{"level":"info","message":"Registered command: cancel","service":"PvP-Planner-Bot","timestamp":"2024-11-01 16:21:00"}
{"level":"info","message":"Registered command: ping","service":"PvP-Planner-Bot","timestamp":"2024-11-01 16:21:00"}
{"level":"info","message":"Registered command: schedule","service":"PvP-Planner-Bot","timestamp":"2024-11-01 16:21:00"}
{"level":"info","message":"Registered command: viewcalendar","service":"PvP-Planner-Bot","timestamp":"2024-11-01 16:21:00"}
{"level":"info","message":"Loaded event: interactionCreate","service":"PvP-Planner-Bot","timestamp":"2024-11-01 16:21:00"}
{"level":"info","message":"Loaded event: undefined","service":"PvP-Planner-Bot","timestamp":"2024-11-01 16:21:00"}
{"level":"info","message":"Connected to MongoDB","service":"PvP-Planner-Bot","timestamp":"2024-11-01 16:21:00"}
{"level":"info","message":"Registered command: cancel","service":"PvP-Planner-Bot","timestamp":"2024-11-01 16:58:12"}
{"level":"info","message":"Registered command: ping","service":"PvP-Planner-Bot","timestamp":"2024-11-01 16:58:12"}
{"level":"info","message":"Registered command: schedule","service":"PvP-Planner-Bot","timestamp":"2024-11-01 16:58:12"}
{"level":"info","message":"Registered command: viewcalendar","service":"PvP-Planner-Bot","timestamp":"2024-11-01 16:58:12"}
{"level":"info","message":"Loaded event: interactionCreate","service":"PvP-Planner-Bot","timestamp":"2024-11-01 16:58:12"}
{"level":"info","message":"Connected to MongoDB","service":"PvP-Planner-Bot","timestamp":"2024-11-01 16:58:12"}
{"level":"info","message":"Session(s) canceled by dorkwidow: 6725231a9d574aee293cd5a1","service":"PvP-Planner-Bot","timestamp":"2024-11-01 17:07:54"}
{"level":"info","message":"Registered command: cancel","service":"PvP-Planner-Bot","timestamp":"2024-11-01 17:36:48"}
{"level":"info","message":"Registered command: ping","service":"PvP-Planner-Bot","timestamp":"2024-11-01 17:36:48"}
{"level":"info","message":"Registered command: schedule","service":"PvP-Planner-Bot","timestamp":"2024-11-01 17:36:48"}
{"level":"info","message":"Registered command: viewcalendar","service":"PvP-Planner-Bot","timestamp":"2024-11-01 17:36:48"}
{"level":"info","message":"Loaded event: interactionCreate","service":"PvP-Planner-Bot","timestamp":"2024-11-01 17:36:48"}
{"level":"info","message":"Connected to MongoDB","service":"PvP-Planner-Bot","timestamp":"2024-11-01 17:36:48"}
{"code":10062,"level":"error","message":"Error executing schedule command: Unknown interaction","method":"POST","rawError":{"code":10062,"message":"Unknown interaction"},"requestBody":{"json":{"data":{},"type":5}},"service":"PvP-Planner-Bot","stack":"DiscordAPIError[10062]: Unknown interaction\n    at handleErrors (C:\\Users\\Jacin\\PvP-Planner\\node_modules\\@discordjs\\rest\\dist\\index.js:727:13)\n    at process.processTicksAndRejections (node:internal/process/task_queues:105:5)\n    at async BurstHandler.runRequest (C:\\Users\\Jacin\\PvP-Planner\\node_modules\\@discordjs\\rest\\dist\\index.js:831:23)\n    at async _REST.request (C:\\Users\\Jacin\\PvP-Planner\\node_modules\\@discordjs\\rest\\dist\\index.js:1272:22)\n    at async ChatInputCommandInteraction.deferReply (C:\\Users\\Jacin\\PvP-Planner\\node_modules\\discord.js\\src\\structures\\interfaces\\InteractionResponses.js:72:5)\n    at async Object.execute (C:\\Users\\Jacin\\PvP-Planner\\commands\\schedule.js:49:7)\n    at async Object.execute (C:\\Users\\Jacin\\PvP-Planner\\events\\interactionCreate.js:15:9)","status":404,"timestamp":"2024-11-01 17:39:35","url":"https://discord.com/api/v10/interactions/1302024264177815612/aW50ZXJhY3Rpb246MTMwMjAyNDI2NDE3NzgxNTYxMjp4N090RmNIemNCM3dPQTdxSTlFUEdjUjlSTTJOb0dhWHVwQ054YUdPblNreE9QZDdvRjF5UWFLS093Z3NwaTZPTzduYXBpdng5M0VpZkU1MTU4OXM3cDkwUWxqYVgwb2xVdU9nN1pOODY4NHZxMkttSnFhcnc2YnZqUEVTWkxNVw/callback"}
{"code":10062,"level":"error","message":"Error scheduling session: Unknown interaction","method":"POST","rawError":{"code":10062,"message":"Unknown interaction"},"requestBody":{"json":{"data":{},"type":5}},"service":"PvP-Planner-Bot","stack":"DiscordAPIError[10062]: Unknown interaction\n    at handleErrors (C:\\Users\\Jacin\\PvP-Planner\\node_modules\\@discordjs\\rest\\dist\\index.js:727:13)\n    at process.processTicksAndRejections (node:internal/process/task_queues:105:5)\n    at async BurstHandler.runRequest (C:\\Users\\Jacin\\PvP-Planner\\node_modules\\@discordjs\\rest\\dist\\index.js:831:23)\n    at async _REST.request (C:\\Users\\Jacin\\PvP-Planner\\node_modules\\@discordjs\\rest\\dist\\index.js:1272:22)\n    at async ChatInputCommandInteraction.deferReply (C:\\Users\\Jacin\\PvP-Planner\\node_modules\\discord.js\\src\\structures\\interfaces\\InteractionResponses.js:72:5)\n    at async Object.execute (C:\\Users\\Jacin\\PvP-Planner\\commands\\schedule.js:43:7)\n    at async Object.execute (C:\\Users\\Jacin\\PvP-Planner\\events\\interactionCreate.js:24:7)","status":404,"timestamp":"2024-11-01 17:39:35","url":"https://discord.com/api/v10/interactions/1302024264177815612/aW50ZXJhY3Rpb246MTMwMjAyNDI2NDE3NzgxNTYxMjp4N090RmNIemNCM3dPQTdxSTlFUEdjUjlSTTJOb0dhWHVwQ054YUdPblNreE9QZDdvRjF5UWFLS093Z3NwaTZPTzduYXBpdng5M0VpZkU1MTU4OXM3cDkwUWxqYVgwb2xVdU9nN1pOODY4NHZxMkttSnFhcnc2YnZqUEVTWkxNVw/callback"}
{"code":"InteractionNotReplied","level":"error","message":"Error executing schedule: The reply to this interaction has not been sent or deferred.","service":"PvP-Planner-Bot","stack":"Error [InteractionNotReplied]: The reply to this interaction has not been sent or deferred.\n    at ChatInputCommandInteraction.editReply (C:\\Users\\Jacin\\PvP-Planner\\node_modules\\discord.js\\src\\structures\\interfaces\\InteractionResponses.js:161:48)\n    at Object.execute (C:\\Users\\Jacin\\PvP-Planner\\commands\\schedule.js:142:25)\n    at process.processTicksAndRejections (node:internal/process/task_queues:105:5)\n    at async Object.execute (C:\\Users\\Jacin\\PvP-Planner\\events\\interactionCreate.js:15:9)","timestamp":"2024-11-01 17:39:35"}
{"level":"info","message":"New session scheduled by dorkwidow: RBG on 11-01-24 at 20:00","service":"PvP-Planner-Bot","timestamp":"2024-11-01 17:39:36"}
{"level":"info","message":"Registered command: cancel","service":"PvP-Planner-Bot","timestamp":"2024-11-01 17:56:08"}
{"level":"info","message":"Registered command: edit","service":"PvP-Planner-Bot","timestamp":"2024-11-01 17:56:08"}
{"level":"info","message":"Registered command: ping","service":"PvP-Planner-Bot","timestamp":"2024-11-01 17:56:08"}
{"level":"info","message":"Registered command: schedule","service":"PvP-Planner-Bot","timestamp":"2024-11-01 17:56:08"}
{"level":"info","message":"Registered command: viewcalendar","service":"PvP-Planner-Bot","timestamp":"2024-11-01 17:56:08"}
{"level":"info","message":"Loaded event: interactionCreate","service":"PvP-Planner-Bot","timestamp":"2024-11-01 17:56:08"}
{"level":"info","message":"Connected to MongoDB","service":"PvP-Planner-Bot","timestamp":"2024-11-01 17:56:09"}
{"level":"error","message":"Error handling button interaction: EmbedBuilder is not defined","service":"PvP-Planner-Bot","stack":"ReferenceError: EmbedBuilder is not defined\n    at Object.execute (C:\\Users\\Jacin\\PvP-Planner\\events\\interactionCreate.js:106:23)\n    at process.processTicksAndRejections (node:internal/process/task_queues:105:5)","timestamp":"2024-11-01 17:58:10"}
{"level":"info","message":"Registered command: cancel","service":"PvP-Planner-Bot","timestamp":"2024-11-01 18:01:19"}
{"level":"info","message":"Registered command: edit","service":"PvP-Planner-Bot","timestamp":"2024-11-01 18:01:19"}
{"level":"info","message":"Registered command: ping","service":"PvP-Planner-Bot","timestamp":"2024-11-01 18:01:19"}
{"level":"info","message":"Registered command: schedule","service":"PvP-Planner-Bot","timestamp":"2024-11-01 18:01:19"}
{"level":"info","message":"Registered command: viewcalendar","service":"PvP-Planner-Bot","timestamp":"2024-11-01 18:01:19"}
{"level":"info","message":"Loaded event: interactionCreate","service":"PvP-Planner-Bot","timestamp":"2024-11-01 18:01:19"}
{"level":"info","message":"Connected to MongoDB","service":"PvP-Planner-Bot","timestamp":"2024-11-01 18:01:20"}
{"level":"info","message":"Registered command: cancel","service":"PvP-Planner-Bot","timestamp":"2024-11-01 18:01:38"}
{"level":"info","message":"Registered command: edit","service":"PvP-Planner-Bot","timestamp":"2024-11-01 18:01:38"}
{"level":"info","message":"Registered command: ping","service":"PvP-Planner-Bot","timestamp":"2024-11-01 18:01:38"}
{"level":"info","message":"Registered command: schedule","service":"PvP-Planner-Bot","timestamp":"2024-11-01 18:01:38"}
{"level":"info","message":"Registered command: viewcalendar","service":"PvP-Planner-Bot","timestamp":"2024-11-01 18:01:38"}
{"level":"info","message":"Loaded event: interactionCreate","service":"PvP-Planner-Bot","timestamp":"2024-11-01 18:01:38"}
{"level":"info","message":"Connected to MongoDB","service":"PvP-Planner-Bot","timestamp":"2024-11-01 18:01:38"}
{"code":10062,"level":"error","message":"Error executing cancel command: Unknown interaction","method":"POST","rawError":{"code":10062,"message":"Unknown interaction"},"requestBody":{"json":{"data":{"flags":64},"type":5}},"service":"PvP-Planner-Bot","stack":"DiscordAPIError[10062]: Unknown interaction\n    at handleErrors (C:\\Users\\Jacin\\PvP-Planner\\node_modules\\@discordjs\\rest\\dist\\index.js:727:13)\n    at process.processTicksAndRejections (node:internal/process/task_queues:105:5)\n    at async BurstHandler.runRequest (C:\\Users\\Jacin\\PvP-Planner\\node_modules\\@discordjs\\rest\\dist\\index.js:831:23)\n    at async _REST.request (C:\\Users\\Jacin\\PvP-Planner\\node_modules\\@discordjs\\rest\\dist\\index.js:1272:22)\n    at async ChatInputCommandInteraction.deferReply (C:\\Users\\Jacin\\PvP-Planner\\node_modules\\discord.js\\src\\structures\\interfaces\\InteractionResponses.js:72:5)\n    at async Object.execute (C:\\Users\\Jacin\\PvP-Planner\\commands\\cancel.js:30:7)\n    at async Object.execute (C:\\Users\\Jacin\\PvP-Planner\\events\\interactionCreate.js:15:9)","status":404,"timestamp":"2024-11-01 18:02:01","url":"https://discord.com/api/v10/interactions/1302029908603830354/aW50ZXJhY3Rpb246MTMwMjAyOTkwODYwMzgzMDM1NDpxemRzTWdTamFyNXZxQlp2Z3htaXNkZDZDQ2QxTGp0NU9laFpLSDBiOWtNMXRWU3Nab1lmUXBUV3VWcEgzcWJuZXYxb0tTUWZ3VjJ3cWRuamZ4WFNjWE9pT2F5VEVwRmIyeWZ0WXZPSzdrWXdiZ2c5RUNGRG5FUDR1ZHdabmo2Qw/callback"}
{"code":"InteractionNotReplied","level":"error","message":"Error executing cancel: The reply to this interaction has not been sent or deferred.","service":"PvP-Planner-Bot","stack":"Error [InteractionNotReplied]: The reply to this interaction has not been sent or deferred.\n    at ChatInputCommandInteraction.editReply (C:\\Users\\Jacin\\PvP-Planner\\node_modules\\discord.js\\src\\structures\\interfaces\\InteractionResponses.js:161:48)\n    at Object.execute (C:\\Users\\Jacin\\PvP-Planner\\commands\\cancel.js:122:25)\n    at process.processTicksAndRejections (node:internal/process/task_queues:105:5)\n    at async Object.execute (C:\\Users\\Jacin\\PvP-Planner\\events\\interactionCreate.js:15:9)","timestamp":"2024-11-01 18:02:01"}
{"level":"info","message":"Executed command: cancel","service":"PvP-Planner-Bot","timestamp":"2024-11-01 18:02:01"}
{"code":50035,"level":"error","message":"Error executing viewcalendar command: Invalid Form Body\nuser_id[NUMBER_TYPE_COERCE]: Value \"dorkwidow\" is not snowflake.","method":"GET","rawError":{"code":50035,"errors":{"user_id":{"_errors":[{"code":"NUMBER_TYPE_COERCE","message":"Value \"dorkwidow\" is not snowflake."}]}},"message":"Invalid Form Body"},"requestBody":{},"service":"PvP-Planner-Bot","stack":"DiscordAPIError[50035]: Invalid Form Body\nuser_id[NUMBER_TYPE_COERCE]: Value \"dorkwidow\" is not snowflake.\n    at handleErrors (C:\\Users\\Jacin\\PvP-Planner\\node_modules\\@discordjs\\rest\\dist\\index.js:727:13)\n    at process.processTicksAndRejections (node:internal/process/task_queues:105:5)\n    at async SequentialHandler.runRequest (C:\\Users\\Jacin\\PvP-Planner\\node_modules\\@discordjs\\rest\\dist\\index.js:1128:23)\n    at async SequentialHandler.queueRequest (C:\\Users\\Jacin\\PvP-Planner\\node_modules\\@discordjs\\rest\\dist\\index.js:959:14)\n    at async _REST.request (C:\\Users\\Jacin\\PvP-Planner\\node_modules\\@discordjs\\rest\\dist\\index.js:1272:22)\n    at async UserManager.fetch (C:\\Users\\Jacin\\PvP-Planner\\node_modules\\discord.js\\src\\managers\\UserManager.js:94:18)\n    at async Object.execute (C:\\Users\\Jacin\\PvP-Planner\\commands\\viewcalendar.js:47:26)\n    at async Object.execute (C:\\Users\\Jacin\\PvP-Planner\\events\\interactionCreate.js:15:9)","status":400,"timestamp":"2024-11-01 18:02:08","url":"https://discord.com/api/v10/users/dorkwidow#0"}
{"level":"info","message":"Executed command: viewcalendar","service":"PvP-Planner-Bot","timestamp":"2024-11-01 18:02:09"}
{"level":"error","message":"Error executing ping: logger is not defined","service":"PvP-Planner-Bot","stack":"ReferenceError: logger is not defined\n    at Object.execute (C:\\Users\\Jacin\\PvP-Planner\\commands\\ping.js:17:7)\n    at process.processTicksAndRejections (node:internal/process/task_queues:105:5)\n    at async Object.execute (C:\\Users\\Jacin\\PvP-Planner\\events\\interactionCreate.js:15:9)","timestamp":"2024-11-01 18:03:08"}
{"level":"info","message":"Registered command: cancel","service":"PvP-Planner-Bot","timestamp":"2024-11-01 18:22:55"}
{"level":"info","message":"Registered command: edit","service":"PvP-Planner-Bot","timestamp":"2024-11-01 18:22:55"}
{"level":"info","message":"Registered command: ping","service":"PvP-Planner-Bot","timestamp":"2024-11-01 18:22:55"}
{"level":"info","message":"Registered command: schedule","service":"PvP-Planner-Bot","timestamp":"2024-11-01 18:22:55"}
{"level":"info","message":"Registered command: viewcalendar","service":"PvP-Planner-Bot","timestamp":"2024-11-01 18:22:55"}
{"level":"info","message":"Loaded event: interactionCreate","service":"PvP-Planner-Bot","timestamp":"2024-11-01 18:22:55"}
{"level":"info","message":"Connected to MongoDB","service":"PvP-Planner-Bot","timestamp":"2024-11-01 18:22:56"}
{"code":10062,"level":"error","message":"Error executing cancel command: Unknown interaction","method":"POST","rawError":{"code":10062,"message":"Unknown interaction"},"requestBody":{"json":{"data":{"flags":64},"type":5}},"service":"PvP-Planner-Bot","stack":"DiscordAPIError[10062]: Unknown interaction\n    at handleErrors (C:\\Users\\Jacin\\PvP-Planner\\node_modules\\@discordjs\\rest\\dist\\index.js:727:13)\n    at process.processTicksAndRejections (node:internal/process/task_queues:105:5)\n    at async BurstHandler.runRequest (C:\\Users\\Jacin\\PvP-Planner\\node_modules\\@discordjs\\rest\\dist\\index.js:831:23)\n    at async _REST.request (C:\\Users\\Jacin\\PvP-Planner\\node_modules\\@discordjs\\rest\\dist\\index.js:1272:22)\n    at async ChatInputCommandInteraction.deferReply (C:\\Users\\Jacin\\PvP-Planner\\node_modules\\discord.js\\src\\structures\\interfaces\\InteractionResponses.js:72:5)\n    at async Object.execute (C:\\Users\\Jacin\\PvP-Planner\\commands\\cancel.js:30:7)\n    at async Object.execute (C:\\Users\\Jacin\\PvP-Planner\\events\\interactionCreate.js:15:9)","status":404,"timestamp":"2024-11-01 18:23:40","url":"https://discord.com/api/v10/interactions/1302035355389923379/aW50ZXJhY3Rpb246MTMwMjAzNTM1NTM4OTkyMzM3OTppWlJEVUt0aVBWd1c3QzRsdWQ1c2l0NUluWGlTdllVb1pJdUgzQ2RkVDhnemN1SW9iS1pCb082NDNHMnV6SDBic1dHdmV1eW5NcDB2WjI1TnVhTldidnRoRHVnOU1qZ2JLTU5WY3l1ZFg5cXNNWTgwRUw3VWVRNzF5WTNWanNKdw/callback"}
{"code":"InteractionNotReplied","level":"error","message":"Error executing cancel: The reply to this interaction has not been sent or deferred.","service":"PvP-Planner-Bot","stack":"Error [InteractionNotReplied]: The reply to this interaction has not been sent or deferred.\n    at ChatInputCommandInteraction.editReply (C:\\Users\\Jacin\\PvP-Planner\\node_modules\\discord.js\\src\\structures\\interfaces\\InteractionResponses.js:161:48)\n    at Object.execute (C:\\Users\\Jacin\\PvP-Planner\\commands\\cancel.js:122:25)\n    at process.processTicksAndRejections (node:internal/process/task_queues:105:5)\n    at async Object.execute (C:\\Users\\Jacin\\PvP-Planner\\events\\interactionCreate.js:15:9)","timestamp":"2024-11-01 18:23:40"}
{"level":"info","message":"Executed command: cancel","service":"PvP-Planner-Bot","timestamp":"2024-11-01 18:23:40"}
{"code":50035,"level":"error","message":"Error executing viewcalendar command: Invalid Form Body\nuser_id[NUMBER_TYPE_COERCE]: Value \"dorkwidow\" is not snowflake.","method":"GET","rawError":{"code":50035,"errors":{"user_id":{"_errors":[{"code":"NUMBER_TYPE_COERCE","message":"Value \"dorkwidow\" is not snowflake."}]}},"message":"Invalid Form Body"},"requestBody":{},"service":"PvP-Planner-Bot","stack":"DiscordAPIError[50035]: Invalid Form Body\nuser_id[NUMBER_TYPE_COERCE]: Value \"dorkwidow\" is not snowflake.\n    at handleErrors (C:\\Users\\Jacin\\PvP-Planner\\node_modules\\@discordjs\\rest\\dist\\index.js:727:13)\n    at process.processTicksAndRejections (node:internal/process/task_queues:105:5)\n    at async SequentialHandler.runRequest (C:\\Users\\Jacin\\PvP-Planner\\node_modules\\@discordjs\\rest\\dist\\index.js:1128:23)\n    at async SequentialHandler.queueRequest (C:\\Users\\Jacin\\PvP-Planner\\node_modules\\@discordjs\\rest\\dist\\index.js:959:14)\n    at async _REST.request (C:\\Users\\Jacin\\PvP-Planner\\node_modules\\@discordjs\\rest\\dist\\index.js:1272:22)\n    at async UserManager.fetch (C:\\Users\\Jacin\\PvP-Planner\\node_modules\\discord.js\\src\\managers\\UserManager.js:94:18)\n    at async Object.execute (C:\\Users\\Jacin\\PvP-Planner\\commands\\viewcalendar.js:47:26)\n    at async Object.execute (C:\\Users\\Jacin\\PvP-Planner\\events\\interactionCreate.js:15:9)","status":400,"timestamp":"2024-11-01 18:23:49","url":"https://discord.com/api/v10/users/dorkwidow#0"}
{"level":"info","message":"Executed command: viewcalendar","service":"PvP-Planner-Bot","timestamp":"2024-11-01 18:23:49"}
{"level":"info","message":"Registered command: cancel","service":"PvP-Planner-Bot","timestamp":"2024-11-01 18:27:57"}
{"level":"info","message":"Registered command: edit","service":"PvP-Planner-Bot","timestamp":"2024-11-01 18:27:57"}
{"level":"info","message":"Registered command: ping","service":"PvP-Planner-Bot","timestamp":"2024-11-01 18:27:57"}
{"level":"info","message":"Registered command: schedule","service":"PvP-Planner-Bot","timestamp":"2024-11-01 18:27:57"}
{"level":"info","message":"Registered command: viewcalendar","service":"PvP-Planner-Bot","timestamp":"2024-11-01 18:27:57"}
{"level":"info","message":"Loaded event: interactionCreate","service":"PvP-Planner-Bot","timestamp":"2024-11-01 18:27:57"}
{"level":"info","message":"Connected to MongoDB","service":"PvP-Planner-Bot","timestamp":"2024-11-01 18:27:58"}
{"level":"info","message":"Registered command: cancel","service":"PvP-Planner-Bot","timestamp":"2024-11-01 18:34:57"}
{"level":"info","message":"Registered command: edit","service":"PvP-Planner-Bot","timestamp":"2024-11-01 18:34:57"}
{"level":"info","message":"Registered command: ping","service":"PvP-Planner-Bot","timestamp":"2024-11-01 18:34:57"}
{"level":"info","message":"Registered command: schedule","service":"PvP-Planner-Bot","timestamp":"2024-11-01 18:34:57"}
{"level":"info","message":"Registered command: viewcalendar","service":"PvP-Planner-Bot","timestamp":"2024-11-01 18:34:57"}
{"level":"info","message":"Loaded event: interactionCreate","service":"PvP-Planner-Bot","timestamp":"2024-11-01 18:34:57"}
{"level":"info","message":"Connected to MongoDB","service":"PvP-Planner-Bot","timestamp":"2024-11-01 18:34:57"}
{"code":10062,"level":"error","message":"Error executing ping command: Unknown interaction","method":"POST","rawError":{"code":10062,"message":"Unknown interaction"},"requestBody":{"json":{"data":{},"type":5}},"service":"PvP-Planner-Bot","stack":"DiscordAPIError[10062]: Unknown interaction\n    at handleErrors (C:\\Users\\Jacin\\PvP-Planner\\node_modules\\@discordjs\\rest\\dist\\index.js:727:13)\n    at process.processTicksAndRejections (node:internal/process/task_queues:105:5)\n    at async BurstHandler.runRequest (C:\\Users\\Jacin\\PvP-Planner\\node_modules\\@discordjs\\rest\\dist\\index.js:831:23)\n    at async _REST.request (C:\\Users\\Jacin\\PvP-Planner\\node_modules\\@discordjs\\rest\\dist\\index.js:1272:22)\n    at async ChatInputCommandInteraction.deferReply (C:\\Users\\Jacin\\PvP-Planner\\node_modules\\discord.js\\src\\structures\\interfaces\\InteractionResponses.js:72:5)\n    at async Object.execute (C:\\Users\\Jacin\\PvP-Planner\\commands\\ping.js:13:7)\n    at async Object.execute (C:\\Users\\Jacin\\PvP-Planner\\events\\interactionCreate.js:15:9)","status":404,"timestamp":"2024-11-01 18:35:18","url":"https://discord.com/api/v10/interactions/1302038285660717086/aW50ZXJhY3Rpb246MTMwMjAzODI4NTY2MDcxNzA4NjpqS1FYeTZDcnRvYXVDdkJvT2REWGhUSlNwV0IzcGE5V3JzUTZWbWFtazNQdVNZQ0ZUYXpJNkc4UjZPWDBnbHNWYjJQT2RVTzZ2YTNTdnNXUFU0eTc3OHZHcWtRbGNiNTkzbVRKQkRaaGpyV1Z1SHlVWGlWRXI3a2w0bms5WlBQcw/callback"}
{"level":"error","message":"Error executing ping: logger is not defined","service":"PvP-Planner-Bot","stack":"ReferenceError: logger is not defined\n    at Object.execute (C:\\Users\\Jacin\\PvP-Planner\\commands\\ping.js:17:7)\n    at process.processTicksAndRejections (node:internal/process/task_queues:105:5)\n    at async Object.execute (C:\\Users\\Jacin\\PvP-Planner\\events\\interactionCreate.js:15:9)","timestamp":"2024-11-01 18:35:18"}
{"code":40060,"level":"error","message":"Error executing ping: Interaction has already been acknowledged.","method":"POST","rawError":{"code":40060,"message":"Interaction has already been acknowledged."},"requestBody":{"files":[],"json":{"data":{"content":"❌ There was an error executing the ping command.","enforce_nonce":false,"flags":64,"tts":false},"type":4}},"service":"PvP-Planner-Bot","stack":"DiscordAPIError[40060]: Interaction has already been acknowledged.\n    at handleErrors (C:\\Users\\Jacin\\PvP-Planner\\node_modules\\@discordjs\\rest\\dist\\index.js:727:13)\n    at process.processTicksAndRejections (node:internal/process/task_queues:105:5)\n    at async BurstHandler.runRequest (C:\\Users\\Jacin\\PvP-Planner\\node_modules\\@discordjs\\rest\\dist\\index.js:831:23)\n    at async _REST.request (C:\\Users\\Jacin\\PvP-Planner\\node_modules\\@discordjs\\rest\\dist\\index.js:1272:22)\n    at async ChatInputCommandInteraction.reply (C:\\Users\\Jacin\\PvP-Planner\\node_modules\\discord.js\\src\\structures\\interfaces\\InteractionResponses.js:115:5)\n    at async Object.execute (C:\\Users\\Jacin\\PvP-Planner\\commands\\ping.js:25:9)\n    at async Object.execute (C:\\Users\\Jacin\\PvP-Planner\\events\\interactionCreate.js:15:9)","status":400,"timestamp":"2024-11-01 18:35:18","url":"https://discord.com/api/v10/interactions/1302038285660717086/aW50ZXJhY3Rpb246MTMwMjAzODI4NTY2MDcxNzA4NjpqS1FYeTZDcnRvYXVDdkJvT2REWGhUSlNwV0IzcGE5V3JzUTZWbWFtazNQdVNZQ0ZUYXpJNkc4UjZPWDBnbHNWYjJQT2RVTzZ2YTNTdnNXUFU0eTc3OHZHcWtRbGNiNTkzbVRKQkRaaGpyV1Z1SHlVWGlWRXI3a2w0bms5WlBQcw/callback"}
{"level":"info","message":"Responded with Pong!","service":"PvP-Planner-Bot","timestamp":"2024-11-01 18:35:20"}
{"level":"info","message":"Executed command: ping","service":"PvP-Planner-Bot","timestamp":"2024-11-01 18:35:20"}
{"level":"info","message":"ViewCalendar command executed by dorkwidow","service":"PvP-Planner-Bot","timestamp":"2024-11-01 18:35:28"}
{"level":"info","message":"Executed command: viewcalendar","service":"PvP-Planner-Bot","timestamp":"2024-11-01 18:35:28"}
{"level":"info","message":"Registered command: cancel","service":"PvP-Planner-Bot","timestamp":"2024-11-01 18:42:45"}
{"level":"info","message":"Registered command: edit","service":"PvP-Planner-Bot","timestamp":"2024-11-01 18:42:45"}
{"level":"info","message":"Registered command: ping","service":"PvP-Planner-Bot","timestamp":"2024-11-01 18:42:45"}
{"level":"info","message":"Registered command: schedule","service":"PvP-Planner-Bot","timestamp":"2024-11-01 18:42:45"}
{"level":"info","message":"Registered command: viewcalendar","service":"PvP-Planner-Bot","timestamp":"2024-11-01 18:42:45"}
{"level":"info","message":"Loaded event: interactionCreate","service":"PvP-Planner-Bot","timestamp":"2024-11-01 18:42:45"}
{"level":"info","message":"Connected to MongoDB","service":"PvP-Planner-Bot","timestamp":"2024-11-01 18:42:46"}
{"code":10062,"level":"error","message":"Error executing ping command: Unknown interaction","method":"POST","rawError":{"code":10062,"message":"Unknown interaction"},"requestBody":{"json":{"data":{},"type":5}},"service":"PvP-Planner-Bot","stack":"DiscordAPIError[10062]: Unknown interaction\n    at handleErrors (C:\\Users\\Jacin\\PvP-Planner\\node_modules\\@discordjs\\rest\\dist\\index.js:727:13)\n    at process.processTicksAndRejections (node:internal/process/task_queues:105:5)\n    at async BurstHandler.runRequest (C:\\Users\\Jacin\\PvP-Planner\\node_modules\\@discordjs\\rest\\dist\\index.js:831:23)\n    at async _REST.request (C:\\Users\\Jacin\\PvP-Planner\\node_modules\\@discordjs\\rest\\dist\\index.js:1272:22)\n    at async ChatInputCommandInteraction.deferReply (C:\\Users\\Jacin\\PvP-Planner\\node_modules\\discord.js\\src\\structures\\interfaces\\InteractionResponses.js:72:5)\n    at async Object.execute (C:\\Users\\Jacin\\PvP-Planner\\commands\\ping.js:13:7)\n    at async Object.execute (C:\\Users\\Jacin\\PvP-Planner\\events\\interactionCreate.js:15:9)","status":404,"timestamp":"2024-11-01 18:43:15","url":"https://discord.com/api/v10/interactions/1302040284124938341/aW50ZXJhY3Rpb246MTMwMjA0MDI4NDEyNDkzODM0MTpkaHkxOTF4ODVNTDZvdDAwUGlzbXJGeThlNlRPMDZtZzZRTlNGTmJORGdseTJ1YmtwY1ljVDBiSDJ5cmxzMXlOZXBxd1dhWWV2VlJvSmpEYWZ6WXFBZ0IyWE5BQUF3cVNyZUZrakdvSWpjVGpYQWJkMDcwTDhQempxTjc1SU9qOA/callback"}
{"code":10062,"level":"error","message":"Error executing ping: Unknown interaction","method":"POST","rawError":{"code":10062,"message":"Unknown interaction"},"requestBody":{"files":[],"json":{"data":{"content":"❌ There was an error executing the ping command.","enforce_nonce":false,"flags":64,"tts":false},"type":4}},"service":"PvP-Planner-Bot","stack":"DiscordAPIError[10062]: Unknown interaction\n    at handleErrors (C:\\Users\\Jacin\\PvP-Planner\\node_modules\\@discordjs\\rest\\dist\\index.js:727:13)\n    at process.processTicksAndRejections (node:internal/process/task_queues:105:5)\n    at async BurstHandler.runRequest (C:\\Users\\Jacin\\PvP-Planner\\node_modules\\@discordjs\\rest\\dist\\index.js:831:23)\n    at async _REST.request (C:\\Users\\Jacin\\PvP-Planner\\node_modules\\@discordjs\\rest\\dist\\index.js:1272:22)\n    at async ChatInputCommandInteraction.reply (C:\\Users\\Jacin\\PvP-Planner\\node_modules\\discord.js\\src\\structures\\interfaces\\InteractionResponses.js:115:5)\n    at async Object.execute (C:\\Users\\Jacin\\PvP-Planner\\commands\\ping.js:25:9)\n    at async Object.execute (C:\\Users\\Jacin\\PvP-Planner\\events\\interactionCreate.js:15:9)","status":404,"timestamp":"2024-11-01 18:43:15","url":"https://discord.com/api/v10/interactions/1302040284124938341/aW50ZXJhY3Rpb246MTMwMjA0MDI4NDEyNDkzODM0MTpkaHkxOTF4ODVNTDZvdDAwUGlzbXJGeThlNlRPMDZtZzZRTlNGTmJORGdseTJ1YmtwY1ljVDBiSDJ5cmxzMXlOZXBxd1dhWWV2VlJvSmpEYWZ6WXFBZ0IyWE5BQUF3cVNyZUZrakdvSWpjVGpYQWJkMDcwTDhQempxTjc1SU9qOA/callback"}
{"level":"info","message":"ViewCalendar command executed by dorkwidow","service":"PvP-Planner-Bot","timestamp":"2024-11-01 18:43:50"}
{"level":"info","message":"Registered command: cancel","service":"PvP-Planner-Bot","timestamp":"2024-11-01 19:09:12"}
{"level":"info","message":"Registered command: edit","service":"PvP-Planner-Bot","timestamp":"2024-11-01 19:09:12"}
{"level":"info","message":"Registered command: ping","service":"PvP-Planner-Bot","timestamp":"2024-11-01 19:09:12"}
{"level":"info","message":"Registered command: schedule","service":"PvP-Planner-Bot","timestamp":"2024-11-01 19:09:12"}
{"level":"info","message":"Registered command: viewcalendar","service":"PvP-Planner-Bot","timestamp":"2024-11-01 19:09:12"}
{"level":"info","message":"Loaded event: interactionCreate","service":"PvP-Planner-Bot","timestamp":"2024-11-01 19:09:12"}
{"level":"info","message":"Connected to MongoDB","service":"PvP-Planner-Bot","timestamp":"2024-11-01 19:09:12"}
{"level":"info","message":"Registered command: cancel","service":"PvP-Planner-Bot","timestamp":"2024-11-01 19:11:49"}
{"level":"info","message":"Registered command: edit","service":"PvP-Planner-Bot","timestamp":"2024-11-01 19:11:49"}
{"level":"info","message":"Registered command: ping","service":"PvP-Planner-Bot","timestamp":"2024-11-01 19:11:49"}
{"level":"info","message":"Registered command: schedule","service":"PvP-Planner-Bot","timestamp":"2024-11-01 19:11:49"}
{"level":"info","message":"Registered command: viewcalendar","service":"PvP-Planner-Bot","timestamp":"2024-11-01 19:11:49"}
{"level":"info","message":"Loaded event: interactionCreate","service":"PvP-Planner-Bot","timestamp":"2024-11-01 19:11:49"}
{"level":"info","message":"Connected to MongoDB","service":"PvP-Planner-Bot","timestamp":"2024-11-01 19:11:49"}
{"level":"info","message":"Registered command: cancel","service":"PvP-Planner-Bot","timestamp":"2024-11-01 19:12:10"}
{"level":"info","message":"Registered command: edit","service":"PvP-Planner-Bot","timestamp":"2024-11-01 19:12:10"}
{"level":"info","message":"Registered command: ping","service":"PvP-Planner-Bot","timestamp":"2024-11-01 19:12:10"}
{"level":"info","message":"Registered command: schedule","service":"PvP-Planner-Bot","timestamp":"2024-11-01 19:12:10"}
{"level":"info","message":"Registered command: viewcalendar","service":"PvP-Planner-Bot","timestamp":"2024-11-01 19:12:10"}
{"level":"info","message":"Loaded event: interactionCreate","service":"PvP-Planner-Bot","timestamp":"2024-11-01 19:12:10"}
{"level":"info","message":"Connected to MongoDB","service":"PvP-Planner-Bot","timestamp":"2024-11-01 19:12:10"}
{"level":"info","message":"Registered command: cancel","service":"PvP-Planner-Bot","timestamp":"2024-11-01 19:18:00"}
{"level":"info","message":"Registered command: edit","service":"PvP-Planner-Bot","timestamp":"2024-11-01 19:18:00"}
{"level":"info","message":"Registered command: ping","service":"PvP-Planner-Bot","timestamp":"2024-11-01 19:18:00"}
{"level":"info","message":"Registered command: schedule","service":"PvP-Planner-Bot","timestamp":"2024-11-01 19:18:00"}
{"level":"info","message":"Registered command: viewcalendar","service":"PvP-Planner-Bot","timestamp":"2024-11-01 19:18:00"}
{"level":"info","message":"Loaded event: interactionCreate","service":"PvP-Planner-Bot","timestamp":"2024-11-01 19:18:00"}
{"level":"info","message":"Connected to MongoDB","service":"PvP-Planner-Bot","timestamp":"2024-11-01 19:18:01"}
{"level":"info","message":"Registered command: cancel","service":"PvP-Planner-Bot","timestamp":"2024-11-01 19:42:13"}
{"level":"info","message":"Registered command: edit","service":"PvP-Planner-Bot","timestamp":"2024-11-01 19:42:13"}
{"level":"info","message":"Registered command: ping","service":"PvP-Planner-Bot","timestamp":"2024-11-01 19:42:13"}
{"level":"info","message":"Registered command: schedule","service":"PvP-Planner-Bot","timestamp":"2024-11-01 19:42:13"}
{"level":"info","message":"Registered command: viewcalendar","service":"PvP-Planner-Bot","timestamp":"2024-11-01 19:42:13"}
{"level":"info","message":"Loaded event: interactionCreate","service":"PvP-Planner-Bot","timestamp":"2024-11-01 19:42:13"}
{"level":"info","message":"Connected to MongoDB","service":"PvP-Planner-Bot","timestamp":"2024-11-01 19:42:13"}
{"level":"info","message":"Registered command: cancel","service":"PvP-Planner-Bot","timestamp":"2024-11-01 21:11:12"}
{"level":"info","message":"Registered command: edit","service":"PvP-Planner-Bot","timestamp":"2024-11-01 21:11:12"}
{"level":"info","message":"Registered command: ping","service":"PvP-Planner-Bot","timestamp":"2024-11-01 21:11:12"}
{"level":"info","message":"Registered command: schedule","service":"PvP-Planner-Bot","timestamp":"2024-11-01 21:11:12"}
{"level":"info","message":"Registered command: viewcalendar","service":"PvP-Planner-Bot","timestamp":"2024-11-01 21:11:12"}
{"level":"info","message":"Loaded event: interactionCreate","service":"PvP-Planner-Bot","timestamp":"2024-11-01 21:11:12"}
{"level":"info","message":"Connected to MongoDB","service":"PvP-Planner-Bot","timestamp":"2024-11-01 21:11:13"}
{"level":"info","message":"Registered command: cancel","service":"PvP-Planner-Bot","timestamp":"2024-11-01 21:19:19"}
{"level":"info","message":"Registered command: edit","service":"PvP-Planner-Bot","timestamp":"2024-11-01 21:19:19"}
{"level":"info","message":"Registered command: ping","service":"PvP-Planner-Bot","timestamp":"2024-11-01 21:19:19"}
{"level":"info","message":"Registered command: schedule","service":"PvP-Planner-Bot","timestamp":"2024-11-01 21:19:19"}
{"level":"info","message":"Registered command: viewcalendar","service":"PvP-Planner-Bot","timestamp":"2024-11-01 21:19:19"}
{"level":"info","message":"Loaded event: interactionCreate","service":"PvP-Planner-Bot","timestamp":"2024-11-01 21:19:19"}
{"level":"info","message":"Connected to MongoDB","service":"PvP-Planner-Bot","timestamp":"2024-11-01 21:19:20"}
{"level":"info","message":"Session edited by dorkwidow: 6725807e1e2bdefd08872cd6","service":"PvP-Planner-Bot","timestamp":"2024-11-01 21:31:59"}
{"level":"info","message":"Registered command: cancel","service":"PvP-Planner-Bot","timestamp":"2024-11-02 20:15:57"}
{"level":"info","message":"Registered command: edit","service":"PvP-Planner-Bot","timestamp":"2024-11-02 20:15:57"}
{"level":"info","message":"Registered command: ping","service":"PvP-Planner-Bot","timestamp":"2024-11-02 20:15:57"}
{"level":"info","message":"Registered command: schedule","service":"PvP-Planner-Bot","timestamp":"2024-11-02 20:15:57"}
{"level":"info","message":"Registered command: viewcalendar","service":"PvP-Planner-Bot","timestamp":"2024-11-02 20:15:57"}
{"level":"info","message":"Loaded event: interactionCreate","service":"PvP-Planner-Bot","timestamp":"2024-11-02 20:15:57"}
{"level":"info","message":"Connected to MongoDB","service":"PvP-Planner-Bot","timestamp":"2024-11-02 20:15:57"}
{"level":"info","message":"Registered command: cancel","service":"PvP-Planner-Bot","timestamp":"2024-11-02 23:30:39"}
{"level":"info","message":"Registered command: edit","service":"PvP-Planner-Bot","timestamp":"2024-11-02 23:30:39"}
{"level":"info","message":"Registered command: ping","service":"PvP-Planner-Bot","timestamp":"2024-11-02 23:30:39"}
{"level":"info","message":"Registered command: schedule","service":"PvP-Planner-Bot","timestamp":"2024-11-02 23:30:39"}
{"level":"info","message":"Registered command: viewcalendar","service":"PvP-Planner-Bot","timestamp":"2024-11-02 23:30:39"}
{"level":"info","message":"Loaded event: interactionCreate","service":"PvP-Planner-Bot","timestamp":"2024-11-02 23:30:39"}
{"level":"info","message":"Connected to MongoDB","service":"PvP-Planner-Bot","timestamp":"2024-11-02 23:30:40"}
{"level":"info","message":"Registered command: cancel","service":"PvP-Planner-Bot","timestamp":"2024-11-02 23:51:47"}
{"level":"info","message":"Registered command: edit","service":"PvP-Planner-Bot","timestamp":"2024-11-02 23:51:47"}
{"level":"info","message":"Registered command: ping","service":"PvP-Planner-Bot","timestamp":"2024-11-02 23:51:47"}
{"level":"info","message":"Registered command: schedule","service":"PvP-Planner-Bot","timestamp":"2024-11-02 23:51:47"}
{"level":"info","message":"Registered command: viewcalendar","service":"PvP-Planner-Bot","timestamp":"2024-11-02 23:51:47"}
{"level":"info","message":"Loaded event: interactionCreate","service":"PvP-Planner-Bot","timestamp":"2024-11-02 23:51:47"}
{"level":"info","message":"Connected to MongoDB","service":"PvP-Planner-Bot","timestamp":"2024-11-02 23:51:47"}
{"level":"info","message":"Registered command: cancel","service":"PvP-Planner-Bot","timestamp":"2024-11-03 00:06:43"}
{"level":"info","message":"Registered command: edit","service":"PvP-Planner-Bot","timestamp":"2024-11-03 00:06:43"}
{"level":"info","message":"Registered command: ping","service":"PvP-Planner-Bot","timestamp":"2024-11-03 00:06:43"}
{"level":"info","message":"Registered command: schedule","service":"PvP-Planner-Bot","timestamp":"2024-11-03 00:06:43"}
{"level":"info","message":"Registered command: viewcalendar","service":"PvP-Planner-Bot","timestamp":"2024-11-03 00:06:43"}
{"level":"info","message":"Loaded event: interactionCreate","service":"PvP-Planner-Bot","timestamp":"2024-11-03 00:06:43"}
{"level":"info","message":"Connected to MongoDB","service":"PvP-Planner-Bot","timestamp":"2024-11-03 00:06:43"}
